<?xml version="1.0" encoding="UTF-8"?>
<!-- Generated by org.testng.reporters.JUnitReportReporter -->
<testsuite hostname="Bia-Mac.local" failures="0" tests="1" name="Assessment.testCases" time="3.560" errors="0" timestamp="2024-05-07T08:02:46 PDT" skipped="0">
  <testcase classname="Assessment.testCases" name="submitForm" time="3.560"/>
  <system-out/>
</testsuite> <!-- Assessment.testCases -->
